mode: set
github.com/nashmaniac/hi-mama/hi-mama-backend/infrastructure/postgres/FindUserByUsername.go:12.25,14.80 2 0
github.com/nashmaniac/hi-mama/hi-mama-backend/infrastructure/postgres/FindUserByUsername.go:17.2,17.18 1 0
github.com/nashmaniac/hi-mama/hi-mama-backend/infrastructure/postgres/FindUserByUsername.go:14.80,16.3 1 0
github.com/nashmaniac/hi-mama/hi-mama-backend/infrastructure/postgres/postgres.go:20.59,24.2 3 0
github.com/nashmaniac/hi-mama/hi-mama-backend/infrastructure/postgres/postgres.go:33.37,39.16 4 1
github.com/nashmaniac/hi-mama/hi-mama-backend/infrastructure/postgres/postgres.go:44.2,49.8 3 1
github.com/nashmaniac/hi-mama/hi-mama-backend/infrastructure/postgres/postgres.go:39.16,41.3 1 0
github.com/nashmaniac/hi-mama/hi-mama-backend/infrastructure/postgres/CreateUser.go:12.25,13.48 1 1
github.com/nashmaniac/hi-mama/hi-mama-backend/infrastructure/postgres/CreateUser.go:16.2,16.18 1 1
github.com/nashmaniac/hi-mama/hi-mama-backend/infrastructure/postgres/CreateUser.go:13.48,15.3 1 0
github.com/nashmaniac/hi-mama/hi-mama-backend/infrastructure/postgres/FindOngoingTime.go:13.26,17.127 3 1
github.com/nashmaniac/hi-mama/hi-mama-backend/infrastructure/postgres/FindOngoingTime.go:20.2,20.19 1 0
github.com/nashmaniac/hi-mama/hi-mama-backend/infrastructure/postgres/FindOngoingTime.go:17.127,19.3 1 1
