mode: set
github.com/nashmaniac/hi-mama/hi-mama-backend/usecases/ClockIn.go:14.26,16.16 2 1
github.com/nashmaniac/hi-mama/hi-mama-backend/usecases/ClockIn.go:20.2,21.32 2 1
github.com/nashmaniac/hi-mama/hi-mama-backend/usecases/ClockIn.go:25.2,32.16 4 1
github.com/nashmaniac/hi-mama/hi-mama-backend/usecases/ClockIn.go:35.2,35.15 1 1
github.com/nashmaniac/hi-mama/hi-mama-backend/usecases/ClockIn.go:16.16,18.3 1 1
github.com/nashmaniac/hi-mama/hi-mama-backend/usecases/ClockIn.go:21.32,23.3 1 1
github.com/nashmaniac/hi-mama/hi-mama-backend/usecases/ClockIn.go:32.16,34.3 1 1
github.com/nashmaniac/hi-mama/hi-mama-backend/usecases/CreateUser.go:17.25,21.59 2 1
github.com/nashmaniac/hi-mama/hi-mama-backend/usecases/CreateUser.go:24.2,24.17 1 1
github.com/nashmaniac/hi-mama/hi-mama-backend/usecases/CreateUser.go:28.2,29.16 2 1
github.com/nashmaniac/hi-mama/hi-mama-backend/usecases/CreateUser.go:32.2,37.16 3 1
github.com/nashmaniac/hi-mama/hi-mama-backend/usecases/CreateUser.go:40.2,40.18 1 1
github.com/nashmaniac/hi-mama/hi-mama-backend/usecases/CreateUser.go:21.59,23.3 1 1
github.com/nashmaniac/hi-mama/hi-mama-backend/usecases/CreateUser.go:24.17,26.3 1 1
github.com/nashmaniac/hi-mama/hi-mama-backend/usecases/CreateUser.go:29.16,31.3 1 0
github.com/nashmaniac/hi-mama/hi-mama-backend/usecases/CreateUser.go:37.16,39.3 1 1
github.com/nashmaniac/hi-mama/hi-mama-backend/usecases/GetHealthz.go:8.30,13.2 4 1
github.com/nashmaniac/hi-mama/hi-mama-backend/usecases/GetTimeList.go:13.27,16.16 2 1
github.com/nashmaniac/hi-mama/hi-mama-backend/usecases/GetTimeList.go:20.2,21.16 2 1
github.com/nashmaniac/hi-mama/hi-mama-backend/usecases/GetTimeList.go:25.2,25.21 1 1
github.com/nashmaniac/hi-mama/hi-mama-backend/usecases/GetTimeList.go:16.16,18.3 1 1
github.com/nashmaniac/hi-mama/hi-mama-backend/usecases/GetTimeList.go:21.16,23.3 1 1
github.com/nashmaniac/hi-mama/hi-mama-backend/usecases/usecases.go:19.30,24.2 1 1
github.com/nashmaniac/hi-mama/hi-mama-backend/usecases/ClockOut.go:14.26,16.16 2 1
github.com/nashmaniac/hi-mama/hi-mama-backend/usecases/ClockOut.go:20.2,21.16 2 1
github.com/nashmaniac/hi-mama/hi-mama-backend/usecases/ClockOut.go:25.2,25.18 1 1
github.com/nashmaniac/hi-mama/hi-mama-backend/usecases/ClockOut.go:29.2,32.16 4 1
github.com/nashmaniac/hi-mama/hi-mama-backend/usecases/ClockOut.go:35.2,35.19 1 1
github.com/nashmaniac/hi-mama/hi-mama-backend/usecases/ClockOut.go:16.16,18.3 1 1
github.com/nashmaniac/hi-mama/hi-mama-backend/usecases/ClockOut.go:21.16,23.3 1 1
github.com/nashmaniac/hi-mama/hi-mama-backend/usecases/ClockOut.go:25.18,27.3 1 1
github.com/nashmaniac/hi-mama/hi-mama-backend/usecases/ClockOut.go:32.16,34.3 1 1
github.com/nashmaniac/hi-mama/hi-mama-backend/usecases/EditEntry.go:16.26,18.16 2 1
github.com/nashmaniac/hi-mama/hi-mama-backend/usecases/EditEntry.go:22.2,22.18 1 1
github.com/nashmaniac/hi-mama/hi-mama-backend/usecases/EditEntry.go:26.2,29.16 4 1
github.com/nashmaniac/hi-mama/hi-mama-backend/usecases/EditEntry.go:32.2,32.19 1 1
github.com/nashmaniac/hi-mama/hi-mama-backend/usecases/EditEntry.go:18.16,20.3 1 1
github.com/nashmaniac/hi-mama/hi-mama-backend/usecases/EditEntry.go:22.18,24.3 1 1
github.com/nashmaniac/hi-mama/hi-mama-backend/usecases/EditEntry.go:29.16,31.3 1 1
github.com/nashmaniac/hi-mama/hi-mama-backend/usecases/FindOngoingTime.go:13.26,15.16 2 1
github.com/nashmaniac/hi-mama/hi-mama-backend/usecases/FindOngoingTime.go:19.2,20.16 2 1
github.com/nashmaniac/hi-mama/hi-mama-backend/usecases/FindOngoingTime.go:24.2,24.19 1 1
github.com/nashmaniac/hi-mama/hi-mama-backend/usecases/FindOngoingTime.go:15.16,17.3 1 1
github.com/nashmaniac/hi-mama/hi-mama-backend/usecases/FindOngoingTime.go:20.16,22.3 1 1
github.com/nashmaniac/hi-mama/hi-mama-backend/usecases/LoginUser.go:16.20,18.16 2 1
github.com/nashmaniac/hi-mama/hi-mama-backend/usecases/LoginUser.go:21.2,21.95 1 1
github.com/nashmaniac/hi-mama/hi-mama-backend/usecases/LoginUser.go:25.2,32.16 3 1
github.com/nashmaniac/hi-mama/hi-mama-backend/usecases/LoginUser.go:35.2,38.16 3 1
github.com/nashmaniac/hi-mama/hi-mama-backend/usecases/LoginUser.go:42.2,42.17 1 1
github.com/nashmaniac/hi-mama/hi-mama-backend/usecases/LoginUser.go:18.16,20.3 1 1
github.com/nashmaniac/hi-mama/hi-mama-backend/usecases/LoginUser.go:21.95,23.3 1 1
github.com/nashmaniac/hi-mama/hi-mama-backend/usecases/LoginUser.go:32.16,34.3 1 0
github.com/nashmaniac/hi-mama/hi-mama-backend/usecases/LoginUser.go:38.16,40.3 1 0
